#
# There is insufficient memory for the Java Runtime Environment to continue.
# Native memory allocation (malloc) failed to allocate 1048576 bytes for AllocateHeap
# Possible reasons:
#   The system is out of physical RAM or swap space
#   In 32 bit mode, the process size limit was hit
# Possible solutions:
#   Reduce memory load on the system
#   Increase physical memory or swap space
#   Check if swap backing store is full
#   Use 64 bit Java on a 64 bit OS
#   Decrease Java heap size (-Xmx/-Xms)
#   Decrease number of Java threads
#   Decrease Java thread stack sizes (-Xss)
#   Set larger code cache with -XX:ReservedCodeCacheSize=
# This output file may be truncated or incomplete.
#
#  Out of Memory Error (memory/allocation.inline.hpp:61), pid=17848, tid=6520
#
# JRE version:  (8.0_73-b02) (build )
# Java VM: Java HotSpot(TM) 64-Bit Server VM (25.73-b02 mixed mode windows-amd64 compressed oops)
# Failed to write core dump. Minidumps are not enabled by default on client versions of Windows
#

---------------  T H R E A D  ---------------

Current thread (0x0000000002820800):  JavaThread "Unknown thread" [_thread_in_vm, id=6520, stack(0x0000000002720000,0x0000000002820000)]

Stack: [0x0000000002720000,0x0000000002820000]
[error occurred during error reporting (printing stack bounds), id 0xc0000005]

Native frames: (J=compiled Java code, j=interpreted, Vv=VM code, C=native code)


---------------  P R O C E S S  ---------------

Java Threads: ( => current thread )

Other Threads:

=>0x0000000002820800 (exited) JavaThread "Unknown thread" [_thread_in_vm, id=6520, stack(0x0000000002720000,0x0000000002820000)]

VM state:not at safepoint (normal execution)

VM Mutex/Monitor currently owned by a thread: None

Heap:
 PSYoungGen      total 18944K, used 327K [0x00000000eb400000, 0x00000000ec900000, 0x0000000100000000)
  eden space 16384K, 2% used [0x00000000eb400000,0x00000000eb451ec8,0x00000000ec400000)
  from space 2560K, 0% used [0x00000000ec680000,0x00000000ec680000,0x00000000ec900000)
  to   space 2560K, 0% used [0x00000000ec400000,0x00000000ec400000,0x00000000ec680000)
 ParOldGen       total 44032K, used 0K [0x00000000c1c00000, 0x00000000c4700000, 0x00000000eb400000)
  object space 44032K, 0% used [0x00000000c1c00000,0x00000000c1c00000,0x00000000c4700000)
 Metaspace       used 746K, capacity 4480K, committed 4480K, reserved 1056768K
  class space    used 75K, capacity 384K, committed 384K, reserved 1048576K

Card table byte_map: [0x0000000011ce0000,0x0000000011ee0000] byte_map_base: 0x00000000116d2000

Marking Bits: (ParMarkBitMap*) 0x000000006c880600
 Begin Bits: [0x0000000012430000, 0x00000000133c0000)
 End Bits:   [0x00000000133c0000, 0x0000000014350000)

Polling page: 0x00000000025f0000

CodeCache: size=245760Kb used=328Kb max_used=328Kb free=245431Kb
 bounds [0x0000000002920000, 0x0000000002b90000, 0x0000000011920000]
 total_blobs=57 nmethods=0 adapters=37
 compilation: enabled

Compilation events (0 events):
No events

GC Heap History (0 events):
No events

Deoptimization events (0 events):
No events

Internal exceptions (0 events):
No events

Events (10 events):
Event: 0.033 loading class java/lang/Short
Event: 0.033 loading class java/lang/Short done
Event: 0.033 loading class java/lang/Integer
Event: 0.033 loading class java/lang/Integer done
Event: 0.033 loading class java/lang/Long
Event: 0.033 loading class java/lang/Long done
Event: 0.034 loading class java/lang/NullPointerException
Event: 0.034 loading class java/lang/NullPointerException done
Event: 0.034 loading class java/lang/ArithmeticException
Event: 0.034 loading class java/lang/ArithmeticException done


Dynamic libraries:
0x00007ff6318d0000 - 0x00007ff631907000 	C:\Program Files\Java\jre1.8.0_73\bin\javaw.exe
0x00007fffb64b0000 - 0x00007fffb6681000 	C:\WINDOWS\SYSTEM32\ntdll.dll
0x00007fffb4230000 - 0x00007fffb42db000 	C:\WINDOWS\System32\KERNEL32.DLL
0x00007fffa0b20000 - 0x00007fffa0b74000 	C:\Program Files (x86)\AVG\Av\avghooka.dll
0x00007fffb29a0000 - 0x00007fffb2bbd000 	C:\WINDOWS\System32\KERNELBASE.dll
0x00007fffb63d0000 - 0x00007fffb6472000 	C:\WINDOWS\System32\ADVAPI32.dll
0x00007fffb3e40000 - 0x00007fffb3ede000 	C:\WINDOWS\System32\msvcrt.dll
0x00007fffb5950000 - 0x00007fffb59a9000 	C:\WINDOWS\System32\sechost.dll
0x00007fffb60a0000 - 0x00007fffb61c1000 	C:\WINDOWS\System32\RPCRT4.dll
0x00007fffb5df0000 - 0x00007fffb5f55000 	C:\WINDOWS\System32\USER32.dll
0x00007fffb2cc0000 - 0x00007fffb2cde000 	C:\WINDOWS\System32\win32u.dll
0x00007fffb41f0000 - 0x00007fffb4224000 	C:\WINDOWS\System32\GDI32.dll
0x00007fffb35e0000 - 0x00007fffb3762000 	C:\WINDOWS\System32\gdi32full.dll
0x00007fff9e4a0000 - 0x00007fff9e71a000 	C:\WINDOWS\WinSxS\amd64_microsoft.windows.common-controls_6595b64144ccf1df_6.0.14393.953_none_42151e83c686086b\COMCTL32.dll
0x00007fffb3f20000 - 0x00007fffb41e8000 	C:\WINDOWS\System32\combase.dll
0x00007fffb3770000 - 0x00007fffb3865000 	C:\WINDOWS\System32\ucrtbase.dll
0x00007fffb2e40000 - 0x00007fffb2eaa000 	C:\WINDOWS\System32\bcryptPrimitives.dll
0x00007fffb3ee0000 - 0x00007fffb3f0e000 	C:\WINDOWS\System32\IMM32.DLL
0x000000006bf90000 - 0x000000006c062000 	C:\Program Files\Java\jre1.8.0_73\bin\msvcr100.dll
0x000000006c070000 - 0x000000006c900000 	C:\Program Files\Java\jre1.8.0_73\bin\server\jvm.dll
0x00007fffb5de0000 - 0x00007fffb5de8000 	C:\WINDOWS\System32\PSAPI.DLL
0x00007fffa4250000 - 0x00007fffa4259000 	C:\WINDOWS\SYSTEM32\WSOCK32.dll
0x00007fffb3a40000 - 0x00007fffb3aaa000 	C:\WINDOWS\System32\WS2_32.dll
0x00007fffb0620000 - 0x00007fffb0643000 	C:\WINDOWS\SYSTEM32\WINMM.dll
0x00007fffa8970000 - 0x00007fffa897a000 	C:\WINDOWS\SYSTEM32\VERSION.dll
0x00007fffb05c0000 - 0x00007fffb05eb000 	C:\WINDOWS\SYSTEM32\WINMMBASE.dll
0x00007fffb2eb0000 - 0x00007fffb2ef2000 	C:\WINDOWS\System32\cfgmgr32.dll
0x000000006bf80000 - 0x000000006bf8f000 	C:\Program Files\Java\jre1.8.0_73\bin\verify.dll
0x000000006bf50000 - 0x000000006bf79000 	C:\Program Files\Java\jre1.8.0_73\bin\java.dll
0x000000006bf30000 - 0x000000006bf46000 	C:\Program Files\Java\jre1.8.0_73\bin\zip.dll

VM Arguments:
jvm_args: -Dfile.encoding=Cp1254 
java_command: Lab04b
java_class_path (initial): C:\Users\BERKYILDIZ\workspace\Lab04b\bin
Launcher Type: SUN_STANDARD

Environment Variables:
PATH=C:/Program Files/Java/jre1.8.0_73/bin/server;C:/Program Files/Java/jre1.8.0_73/bin;C:/Program Files/Java/jre1.8.0_73/lib/amd64;C:\ProgramData\Oracle\Java\javapath;C:\WINDOWS\system32;C:\WINDOWS;C:\WINDOWS\System32\Wbem;C:\WINDOWS\System32\WindowsPowerShell\v1.0\;C:\Program Files (x86)\Skype\Phone\;C:\Users\BERKYILDIZ\AppData\Local\Microsoft\WindowsApps;;C:\Users\BERKYILDIZ\Desktop\JAVA\eclipse-java-mars-1-win32-x86_64\eclipse;
USERNAME=BERKYILDIZ
OS=Windows_NT
PROCESSOR_IDENTIFIER=Intel64 Family 6 Model 42 Stepping 7, GenuineIntel



---------------  S Y S T E M  ---------------

OS: Windows 10.0 , 64 bit Build 14393 (10.0.14393.0)

CPU:total 4 (2 cores per cpu, 2 threads per core) family 6 model 42 stepping 7, cmov, cx8, fxsr, mmx, sse, sse2, sse3, ssse3, sse4.1, sse4.2, popcnt, avx, aes, clmul, ht, tsc, tscinvbit

Memory: 4k page, physical 4074732k(575672k free), swap 16657644k(5268k free)

vm_info: Java HotSpot(TM) 64-Bit Server VM (25.73-b02) for windows-amd64 JRE (1.8.0_73-b02), built on Jan 29 2016 17:38:49 by "java_re" with MS VC++ 10.0 (VS2010)

time: Tue Mar 28 03:59:20 2017
elapsed time: 0 seconds (0d 0h 0m 0s)

