#
# There is insufficient memory for the Java Runtime Environment to continue.
# Native memory allocation (malloc) failed to allocate 32744 bytes for ChunkPool::allocate
# Possible reasons:
#   The system is out of physical RAM or swap space
#   In 32 bit mode, the process size limit was hit
# Possible solutions:
#   Reduce memory load on the system
#   Increase physical memory or swap space
#   Check if swap backing store is full
#   Use 64 bit Java on a 64 bit OS
#   Decrease Java heap size (-Xmx/-Xms)
#   Decrease number of Java threads
#   Decrease Java thread stack sizes (-Xss)
#   Set larger code cache with -XX:ReservedCodeCacheSize=
# This output file may be truncated or incomplete.
#
#  Out of Memory Error (allocation.cpp:273), pid=16564, tid=11600
#
# JRE version: Java(TM) SE Runtime Environment (8.0_73-b02) (build 1.8.0_73-b02)
# Java VM: Java HotSpot(TM) 64-Bit Server VM (25.73-b02 mixed mode windows-amd64 compressed oops)
# Failed to write core dump. Minidumps are not enabled by default on client versions of Windows
#

---------------  T H R E A D  ---------------

Current thread (0x0000000015168000):  JavaThread "C1 CompilerThread2" daemon [_thread_in_native, id=11600, stack(0x00000000169b0000,0x0000000016ab0000)]

Stack: [0x00000000169b0000,0x0000000016ab0000]
[error occurred during error reporting (printing stack bounds), id 0xc0000005]

Native frames: (J=compiled Java code, j=interpreted, Vv=VM code, C=native code)


Current CompileTask:
C1:  12713  504       3       java.awt.EventQueue::dispatchEventImpl (149 bytes)


---------------  P R O C E S S  ---------------

Java Threads: ( => current thread )
  0x0000000002a90800 JavaThread "DestroyJavaVM" [_thread_blocked, id=16836, stack(0x00000000028b0000,0x00000000029b0000)]
  0x0000000016e85000 JavaThread "AWT-EventQueue-0" [_thread_blocked, id=16400, stack(0x0000000017dc0000,0x0000000017ec0000)]
  0x0000000016e81800 JavaThread "TimerQueue" daemon [_thread_blocked, id=5664, stack(0x0000000017cc0000,0x0000000017dc0000)]
  0x0000000016e17800 JavaThread "AWT-Windows" daemon [_thread_in_native, id=16440, stack(0x00000000177b0000,0x00000000178b0000)]
  0x0000000016e13800 JavaThread "AWT-Shutdown" [_thread_blocked, id=9520, stack(0x00000000176b0000,0x00000000177b0000)]
  0x0000000016e13000 JavaThread "Java2D Disposer" daemon [_thread_blocked, id=8040, stack(0x00000000175b0000,0x00000000176b0000)]
  0x0000000016ad8800 JavaThread "Service Thread" daemon [_thread_blocked, id=16112, stack(0x0000000016eb0000,0x0000000016fb0000)]
=>0x0000000015168000 JavaThread "C1 CompilerThread2" daemon [_thread_in_native, id=11600, stack(0x00000000169b0000,0x0000000016ab0000)]
  0x000000001515f800 JavaThread "C2 CompilerThread1" daemon [_thread_blocked, id=8888, stack(0x00000000168b0000,0x00000000169b0000)]
  0x000000001515c000 JavaThread "C2 CompilerThread0" daemon [_thread_blocked, id=17092, stack(0x00000000167b0000,0x00000000168b0000)]
  0x000000001515b000 JavaThread "Attach Listener" daemon [_thread_blocked, id=15896, stack(0x00000000166b0000,0x00000000167b0000)]
  0x000000001515a000 JavaThread "Signal Dispatcher" daemon [_thread_blocked, id=1136, stack(0x00000000165b0000,0x00000000166b0000)]
  0x0000000002b87000 JavaThread "Finalizer" daemon [_thread_blocked, id=5256, stack(0x00000000163c0000,0x00000000164c0000)]
  0x0000000002b7e000 JavaThread "Reference Handler" daemon [_thread_blocked, id=16612, stack(0x00000000162c0000,0x00000000163c0000)]

Other Threads:
  0x0000000015127800 VMThread [stack: 0x00000000161c0000,0x00000000162c0000] [id=16236]
  0x00000000151be800 WatcherThread [stack: 0x0000000016fb0000,0x00000000170b0000] [id=14312]

VM state:not at safepoint (normal execution)

VM Mutex/Monitor currently owned by a thread: None

Heap:
 PSYoungGen      total 18944K, used 6657K [0x00000000eb400000, 0x00000000ec900000, 0x0000000100000000)
  eden space 16384K, 40% used [0x00000000eb400000,0x00000000eba804a0,0x00000000ec400000)
  from space 2560K, 0% used [0x00000000ec680000,0x00000000ec680000,0x00000000ec900000)
  to   space 2560K, 0% used [0x00000000ec400000,0x00000000ec400000,0x00000000ec680000)
 ParOldGen       total 44032K, used 0K [0x00000000c1c00000, 0x00000000c4700000, 0x00000000eb400000)
  object space 44032K, 0% used [0x00000000c1c00000,0x00000000c1c00000,0x00000000c4700000)
 Metaspace       used 8264K, capacity 8464K, committed 8576K, reserved 1056768K
  class space    used 998K, capacity 1092K, committed 1152K, reserved 1048576K

Card table byte_map: [0x0000000011f50000,0x0000000012150000] byte_map_base: 0x0000000011942000

Marking Bits: (ParMarkBitMap*) 0x000000006c880600
 Begin Bits: [0x00000000126a0000, 0x0000000013630000)
 End Bits:   [0x0000000013630000, 0x00000000145c0000)

Polling page: 0x00000000010a0000

CodeCache: size=245760Kb used=2016Kb max_used=2016Kb free=243743Kb
 bounds [0x0000000002b90000, 0x0000000002e00000, 0x0000000011b90000]
 total_blobs=924 nmethods=503 adapters=334
 compilation: enabled

Compilation events (10 events):
Event: 12.129 Thread 0x0000000015168000 nmethod 499 0x0000000002d866d0 code [0x0000000002d86880, 0x0000000002d86ef8]
Event: 12.129 Thread 0x0000000015168000  500   !   3       java.awt.event.InvocationEvent::finishedDispatching (53 bytes)
Event: 12.129 Thread 0x0000000015168000 nmethod 500 0x0000000002d870d0 code [0x0000000002d87260, 0x0000000002d87758]
Event: 12.240 Thread 0x0000000015168000  501       3       javax.swing.RepaintManager::currentManager (37 bytes)
Event: 12.241 Thread 0x0000000015168000 nmethod 501 0x0000000002d87910 code [0x0000000002d87aa0, 0x0000000002d87f28]
Event: 12.684 Thread 0x0000000015168000  502       3       java.util.concurrent.locks.LockSupport::parkNanos (29 bytes)
Event: 12.684 Thread 0x0000000015168000 nmethod 502 0x0000000002d88050 code [0x0000000002d881c0, 0x0000000002d88548]
Event: 12.686 Thread 0x0000000015168000  503       3       java.awt.EventQueue::access$500 (7 bytes)
Event: 12.686 Thread 0x0000000015168000 nmethod 503 0x0000000002d88650 code [0x0000000002d887c0, 0x0000000002d88928]
Event: 12.686 Thread 0x0000000015168000  504       3       java.awt.EventQueue::dispatchEventImpl (149 bytes)

GC Heap History (0 events):
No events

Deoptimization events (1 events):
Event: 0.236 Thread 0x0000000002a90800 Uncommon trap: reason=null_check action=make_not_entrant pc=0x0000000002cf65b8 method=java.lang.String.equals(Ljava/lang/Object;)Z @ 8

Internal exceptions (10 events):
Event: 0.051 Thread 0x0000000002a90800 Exception <a 'java/lang/NoSuchMethodError': Method sun.misc.Unsafe.prefetchRead(Ljava/lang/Object;J)V name or signature does not match> (0x00000000eb4133c0) thrown at [D:\re\puppet\workspace\8-2-build-windows-amd64-cygwin\jdk8u73\6086\hotspot\src\share\vm\Z5h¬ÿŽ¿?
Event: 0.123 Thread 0x0000000002a90800 Exception <a 'java/security/PrivilegedActionException'> (0x00000000eb4d3f58) thrown at [D:\re\puppet\workspace\8-2-build-windows-amd64-cygwin\jdk8u73\6086\hotspot\src\share\vm\prims\jvm.cpp, line 1386]
Event: 0.123 Thread 0x0000000002a90800 Exception <a 'java/security/PrivilegedActionException'> (0x00000000eb4d4168) thrown at [D:\re\puppet\workspace\8-2-build-windows-amd64-cygwin\jdk8u73\6086\hotspot\src\share\vm\prims\jvm.cpp, line 1386]
Event: 0.124 Thread 0x0000000002a90800 Exception <a 'java/security/PrivilegedActionException'> (0x00000000eb4d7d10) thrown at [D:\re\puppet\workspace\8-2-build-windows-amd64-cygwin\jdk8u73\6086\hotspot\src\share\vm\prims\jvm.cpp, line 1386]
Event: 0.124 Thread 0x0000000002a90800 Exception <a 'java/security/PrivilegedActionException'> (0x00000000eb4d7f20) thrown at [D:\re\puppet\workspace\8-2-build-windows-amd64-cygwin\jdk8u73\6086\hotspot\src\share\vm\prims\jvm.cpp, line 1386]
Event: 0.130 Thread 0x0000000002a90800 Exception <a 'java/io/FileNotFoundException'> (0x00000000eb4da610) thrown at [D:\re\puppet\workspace\8-2-build-windows-amd64-cygwin\jdk8u73\6086\hotspot\src\share\vm\prims\jni.cpp, line 709]
Event: 0.166 Thread 0x0000000002a90800 Exception <a 'java/lang/NoSuchFieldError': method resolution failed> (0x00000000eb5fa428) thrown at [D:\re\puppet\workspace\8-2-build-windows-amd64-cygwin\jdk8u73\6086\hotspot\src\share\vm\prims\methodHandles.cpp, line 1146]
Event: 0.167 Thread 0x0000000002a90800 Exception <a 'java/lang/NoSuchFieldError': method resolution failed> (0x00000000eb6077f8) thrown at [D:\re\puppet\workspace\8-2-build-windows-amd64-cygwin\jdk8u73\6086\hotspot\src\share\vm\prims\methodHandles.cpp, line 1146]
Event: 0.208 Thread 0x0000000002a90800 Exception <a 'java/io/FileNotFoundException'> (0x00000000eb69bcb0) thrown at [D:\re\puppet\workspace\8-2-build-windows-amd64-cygwin\jdk8u73\6086\hotspot\src\share\vm\prims\jni.cpp, line 709]
Event: 0.236 Thread 0x0000000002a90800 Implicit null exception at 0x0000000002cf63e2 to 0x0000000002cf65a9

Events (10 events):
Event: 0.375 loading class java/awt/Panel done
Event: 0.376 loading class java/applet/Applet done
Event: 3.242 loading class java/awt/LightweightDispatcher$2
Event: 3.243 loading class java/awt/LightweightDispatcher$2 done
Event: 4.129 Executing VM operation: EnableBiasedLocking
Event: 4.129 Executing VM operation: EnableBiasedLocking done
Event: 4.848 loading class java/awt/KeyboardFocusManager$2
Event: 4.849 loading class java/awt/KeyboardFocusManager$2 done
Event: 4.849 loading class sun/awt/SunToolkit$1
Event: 4.849 loading class sun/awt/SunToolkit$1 done


Dynamic libraries:
0x00007ff6318d0000 - 0x00007ff631907000 	C:\Program Files\Java\jre1.8.0_73\bin\javaw.exe
0x00007fffb64b0000 - 0x00007fffb6681000 	C:\WINDOWS\SYSTEM32\ntdll.dll
0x00007fffb4230000 - 0x00007fffb42db000 	C:\WINDOWS\System32\KERNEL32.DLL
0x00007fffa0b20000 - 0x00007fffa0b74000 	C:\Program Files (x86)\AVG\Av\avghooka.dll
0x00007fffb29a0000 - 0x00007fffb2bbd000 	C:\WINDOWS\System32\KERNELBASE.dll
0x00007fffb63d0000 - 0x00007fffb6472000 	C:\WINDOWS\System32\ADVAPI32.dll
0x00007fffb3e40000 - 0x00007fffb3ede000 	C:\WINDOWS\System32\msvcrt.dll
0x00007fffb5950000 - 0x00007fffb59a9000 	C:\WINDOWS\System32\sechost.dll
0x00007fffb60a0000 - 0x00007fffb61c1000 	C:\WINDOWS\System32\RPCRT4.dll
0x00007fffb5df0000 - 0x00007fffb5f55000 	C:\WINDOWS\System32\USER32.dll
0x00007fffb2cc0000 - 0x00007fffb2cde000 	C:\WINDOWS\System32\win32u.dll
0x00007fffb41f0000 - 0x00007fffb4224000 	C:\WINDOWS\System32\GDI32.dll
0x00007fffb35e0000 - 0x00007fffb3762000 	C:\WINDOWS\System32\gdi32full.dll
0x00007fff9e4a0000 - 0x00007fff9e71a000 	C:\WINDOWS\WinSxS\amd64_microsoft.windows.common-controls_6595b64144ccf1df_6.0.14393.953_none_42151e83c686086b\COMCTL32.dll
0x00007fffb3f20000 - 0x00007fffb41e8000 	C:\WINDOWS\System32\combase.dll
0x00007fffb3770000 - 0x00007fffb3865000 	C:\WINDOWS\System32\ucrtbase.dll
0x00007fffb2e40000 - 0x00007fffb2eaa000 	C:\WINDOWS\System32\bcryptPrimitives.dll
0x00007fffb3ee0000 - 0x00007fffb3f0e000 	C:\WINDOWS\System32\IMM32.DLL
0x000000006bf90000 - 0x000000006c062000 	C:\Program Files\Java\jre1.8.0_73\bin\msvcr100.dll
0x000000006c070000 - 0x000000006c900000 	C:\Program Files\Java\jre1.8.0_73\bin\server\jvm.dll
0x00007fffb5de0000 - 0x00007fffb5de8000 	C:\WINDOWS\System32\PSAPI.DLL
0x00007fffa4250000 - 0x00007fffa4259000 	C:\WINDOWS\SYSTEM32\WSOCK32.dll
0x00007fffb3a40000 - 0x00007fffb3aaa000 	C:\WINDOWS\System32\WS2_32.dll
0x00007fffb0620000 - 0x00007fffb0643000 	C:\WINDOWS\SYSTEM32\WINMM.dll
0x00007fffa8970000 - 0x00007fffa897a000 	C:\WINDOWS\SYSTEM32\VERSION.dll
0x00007fffb05c0000 - 0x00007fffb05eb000 	C:\WINDOWS\SYSTEM32\WINMMBASE.dll
0x00007fffb2eb0000 - 0x00007fffb2ef2000 	C:\WINDOWS\System32\cfgmgr32.dll
0x000000006bf80000 - 0x000000006bf8f000 	C:\Program Files\Java\jre1.8.0_73\bin\verify.dll
0x000000006bf50000 - 0x000000006bf79000 	C:\Program Files\Java\jre1.8.0_73\bin\java.dll
0x000000006bf30000 - 0x000000006bf46000 	C:\Program Files\Java\jre1.8.0_73\bin\zip.dll
0x00007fffb4440000 - 0x00007fffb5949000 	C:\WINDOWS\System32\SHELL32.dll
0x00007fffb2f00000 - 0x00007fffb35da000 	C:\WINDOWS\System32\windows.storage.dll
0x00007fffb2950000 - 0x00007fffb299c000 	C:\WINDOWS\System32\powrprof.dll
0x00007fffb61d0000 - 0x00007fffb6222000 	C:\WINDOWS\System32\shlwapi.dll
0x00007fffb2910000 - 0x00007fffb291f000 	C:\WINDOWS\System32\kernel.appcore.dll
0x00007fffb2ce0000 - 0x00007fffb2d89000 	C:\WINDOWS\System32\shcore.dll
0x00007fffb2920000 - 0x00007fffb2934000 	C:\WINDOWS\System32\profapi.dll
0x000000006bd20000 - 0x000000006beb8000 	C:\Program Files\Java\jre1.8.0_73\bin\awt.dll
0x00007fffb3c10000 - 0x00007fffb3ccf000 	C:\WINDOWS\System32\OLEAUT32.dll
0x00007fffb2c20000 - 0x00007fffb2cbc000 	C:\WINDOWS\System32\msvcp_win.dll
0x00007fffb0d00000 - 0x00007fffb0d7a000 	C:\WINDOWS\SYSTEM32\apphelp.dll
0x00007fffb03d0000 - 0x00007fffb03f6000 	C:\WINDOWS\system32\DWMAPI.DLL
0x00007fffb0ee0000 - 0x00007fffb0f75000 	C:\WINDOWS\system32\uxtheme.dll
0x00007fffb3ab0000 - 0x00007fffb3c0a000 	C:\WINDOWS\System32\MSCTF.dll
0x00007fffb5f60000 - 0x00007fffb6097000 	C:\WINDOWS\System32\ole32.dll
0x000000006bcd0000 - 0x000000006bd17000 	C:\Program Files\Java\jre1.8.0_73\bin\fontmanager.dll

VM Arguments:
jvm_args: -Dfile.encoding=Cp1254 
java_command: Lab04b
java_class_path (initial): C:\Users\BERKYILDIZ\workspace\Lab04b\bin
Launcher Type: SUN_STANDARD

Environment Variables:
PATH=C:/Program Files/Java/jre1.8.0_73/bin/server;C:/Program Files/Java/jre1.8.0_73/bin;C:/Program Files/Java/jre1.8.0_73/lib/amd64;C:\ProgramData\Oracle\Java\javapath;C:\WINDOWS\system32;C:\WINDOWS;C:\WINDOWS\System32\Wbem;C:\WINDOWS\System32\WindowsPowerShell\v1.0\;C:\Program Files (x86)\Skype\Phone\;C:\Users\BERKYILDIZ\AppData\Local\Microsoft\WindowsApps;;C:\Users\BERKYILDIZ\Desktop\JAVA\eclipse-java-mars-1-win32-x86_64\eclipse;
USERNAME=BERKYILDIZ
OS=Windows_NT
PROCESSOR_IDENTIFIER=Intel64 Family 6 Model 42 Stepping 7, GenuineIntel



---------------  S Y S T E M  ---------------

OS: Windows 10.0 , 64 bit Build 14393 (10.0.14393.0)

CPU:total 4 (2 cores per cpu, 2 threads per core) family 6 model 42 stepping 7, cmov, cx8, fxsr, mmx, sse, sse2, sse3, ssse3, sse4.1, sse4.2, popcnt, avx, aes, clmul, ht, tsc, tscinvbit

Memory: 4k page, physical 4074732k(463572k free), swap 16657644k(304k free)

vm_info: Java HotSpot(TM) 64-Bit Server VM (25.73-b02) for windows-amd64 JRE (1.8.0_73-b02), built on Jan 29 2016 17:38:49 by "java_re" with MS VC++ 10.0 (VS2010)

time: Tue Mar 28 03:55:39 2017
elapsed time: 12 seconds (0d 0h 0m 12s)

